[0.650s] DEBUG:colcon:Command line arguments: ['/usr/bin/colcon', 'build']
[0.651s] DEBUG:colcon:Parsed command line arguments: Namespace(log_base=None, log_level=None, verb_name='build', build_base='build', install_base='install', merge_install=False, symlink_install=False, test_result_base=None, continue_on_error=False, executor='parallel', parallel_workers=8, event_handlers=None, ignore_user_meta=False, metas=['./colcon.meta'], base_paths=['.'], packages_ignore=None, packages_ignore_regex=None, paths=None, packages_up_to=None, packages_up_to_regex=None, packages_above=None, packages_above_and_dependencies=None, packages_above_depth=None, packages_select_by_dep=None, packages_skip_by_dep=None, packages_skip_up_to=None, packages_select_build_failed=False, packages_skip_build_finished=False, packages_select_test_failures=False, packages_skip_test_passed=False, packages_select=None, packages_skip=None, packages_select_regex=None, packages_skip_regex=None, packages_start=None, packages_end=None, allow_overriding=[], cmake_args=None, cmake_target=None, cmake_target_skip_unavailable=False, cmake_clean_cache=False, cmake_clean_first=False, cmake_force_configure=False, ament_cmake_args=None, catkin_cmake_args=None, catkin_skip_building_tests=False, verb_parser=<colcon_defaults.argument_parser.defaults.DefaultArgumentsDecorator object at 0xffff910501f0>, verb_extension=<colcon_core.verb.build.BuildVerb object at 0xffff91013d30>, main=<bound method BuildVerb.main of <colcon_core.verb.build.BuildVerb object at 0xffff91013d30>>)
[1.731s] Level 1:colcon.colcon_core.package_discovery:discover_packages(colcon_meta) check parameters
[1.732s] Level 1:colcon.colcon_core.package_discovery:discover_packages(recursive) check parameters
[1.732s] Level 1:colcon.colcon_core.package_discovery:discover_packages(ignore) check parameters
[1.732s] Level 1:colcon.colcon_core.package_discovery:discover_packages(path) check parameters
[1.732s] Level 1:colcon.colcon_core.package_discovery:discover_packages(colcon_meta) discover
[1.733s] Level 1:colcon.colcon_core.package_discovery:discover_packages(recursive) discover
[1.733s] INFO:colcon.colcon_core.package_discovery:Crawling recursively for packages in '/userdata/aaa_ws'
[1.734s] Level 1:colcon.colcon_core.package_identification:_identify(.) by extensions ['ignore', 'ignore_ament_install']
[1.734s] Level 1:colcon.colcon_core.package_identification:_identify(.) by extension 'ignore'
[1.734s] Level 1:colcon.colcon_core.package_identification:_identify(.) by extension 'ignore_ament_install'
[1.735s] Level 1:colcon.colcon_core.package_identification:_identify(.) by extensions ['colcon_pkg']
[1.735s] Level 1:colcon.colcon_core.package_identification:_identify(.) by extension 'colcon_pkg'
[1.735s] Level 1:colcon.colcon_core.package_identification:_identify(.) by extensions ['colcon_meta']
[1.735s] Level 1:colcon.colcon_core.package_identification:_identify(.) by extension 'colcon_meta'
[1.736s] Level 1:colcon.colcon_core.package_identification:_identify(.) by extensions ['ros']
[1.736s] Level 1:colcon.colcon_core.package_identification:_identify(.) by extension 'ros'
[1.813s] Level 1:colcon.colcon_core.package_identification:_identify(.) by extensions ['cmake', 'python']
[1.814s] Level 1:colcon.colcon_core.package_identification:_identify(.) by extension 'cmake'
[1.815s] Level 1:colcon.colcon_core.package_identification:_identify(.) by extension 'python'
[1.815s] Level 1:colcon.colcon_core.package_identification:_identify(.) by extensions ['python_setup_py']
[1.815s] Level 1:colcon.colcon_core.package_identification:_identify(.) by extension 'python_setup_py'
[1.816s] Level 1:colcon.colcon_core.package_identification:_identify(build) by extensions ['ignore', 'ignore_ament_install']
[1.817s] Level 1:colcon.colcon_core.package_identification:_identify(build) by extension 'ignore'
[1.817s] Level 1:colcon.colcon_core.package_identification:_identify(build) ignored
[1.818s] Level 1:colcon.colcon_core.package_identification:_identify(install) by extensions ['ignore', 'ignore_ament_install']
[1.818s] Level 1:colcon.colcon_core.package_identification:_identify(install) by extension 'ignore'
[1.818s] Level 1:colcon.colcon_core.package_identification:_identify(install) ignored
[1.819s] Level 1:colcon.colcon_core.package_identification:_identify(log) by extensions ['ignore', 'ignore_ament_install']
[1.819s] Level 1:colcon.colcon_core.package_identification:_identify(log) by extension 'ignore'
[1.820s] Level 1:colcon.colcon_core.package_identification:_identify(log) ignored
[1.820s] Level 1:colcon.colcon_core.package_identification:_identify(src) by extensions ['ignore', 'ignore_ament_install']
[1.820s] Level 1:colcon.colcon_core.package_identification:_identify(src) by extension 'ignore'
[1.821s] Level 1:colcon.colcon_core.package_identification:_identify(src) by extension 'ignore_ament_install'
[1.821s] Level 1:colcon.colcon_core.package_identification:_identify(src) by extensions ['colcon_pkg']
[1.821s] Level 1:colcon.colcon_core.package_identification:_identify(src) by extension 'colcon_pkg'
[1.821s] Level 1:colcon.colcon_core.package_identification:_identify(src) by extensions ['colcon_meta']
[1.822s] Level 1:colcon.colcon_core.package_identification:_identify(src) by extension 'colcon_meta'
[1.822s] Level 1:colcon.colcon_core.package_identification:_identify(src) by extensions ['ros']
[1.822s] Level 1:colcon.colcon_core.package_identification:_identify(src) by extension 'ros'
[1.823s] Level 1:colcon.colcon_core.package_identification:_identify(src) by extensions ['cmake', 'python']
[1.823s] Level 1:colcon.colcon_core.package_identification:_identify(src) by extension 'cmake'
[1.823s] Level 1:colcon.colcon_core.package_identification:_identify(src) by extension 'python'
[1.823s] Level 1:colcon.colcon_core.package_identification:_identify(src) by extensions ['python_setup_py']
[1.824s] Level 1:colcon.colcon_core.package_identification:_identify(src) by extension 'python_setup_py'
[1.824s] Level 1:colcon.colcon_core.package_identification:_identify(src/aaa_pkg_python) by extensions ['ignore', 'ignore_ament_install']
[1.825s] Level 1:colcon.colcon_core.package_identification:_identify(src/aaa_pkg_python) by extension 'ignore'
[1.825s] Level 1:colcon.colcon_core.package_identification:_identify(src/aaa_pkg_python) by extension 'ignore_ament_install'
[1.825s] Level 1:colcon.colcon_core.package_identification:_identify(src/aaa_pkg_python) by extensions ['colcon_pkg']
[1.825s] Level 1:colcon.colcon_core.package_identification:_identify(src/aaa_pkg_python) by extension 'colcon_pkg'
[1.826s] Level 1:colcon.colcon_core.package_identification:_identify(src/aaa_pkg_python) by extensions ['colcon_meta']
[1.826s] Level 1:colcon.colcon_core.package_identification:_identify(src/aaa_pkg_python) by extension 'colcon_meta'
[1.826s] Level 1:colcon.colcon_core.package_identification:_identify(src/aaa_pkg_python) by extensions ['ros']
[1.826s] Level 1:colcon.colcon_core.package_identification:_identify(src/aaa_pkg_python) by extension 'ros'
[1.840s] DEBUG:colcon.colcon_core.package_identification:Package 'src/aaa_pkg_python' with type 'ros.ament_python' and name 'aaa_pkg_python'
[1.840s] Level 1:colcon.colcon_core.package_discovery:discover_packages(recursive) using defaults
[1.841s] Level 1:colcon.colcon_core.package_discovery:discover_packages(ignore) discover
[1.841s] Level 1:colcon.colcon_core.package_discovery:discover_packages(ignore) using defaults
[1.841s] Level 1:colcon.colcon_core.package_discovery:discover_packages(path) discover
[1.841s] Level 1:colcon.colcon_core.package_discovery:discover_packages(path) using defaults
[1.955s] Level 1:colcon.colcon_core.package_discovery:discover_packages(prefix_path) check parameters
[1.956s] Level 1:colcon.colcon_core.package_discovery:discover_packages(prefix_path) discover
[1.968s] DEBUG:colcon.colcon_installed_package_information.package_discovery:Found 1 installed packages in /userdata/aaa_ws/install
[1.973s] DEBUG:colcon.colcon_installed_package_information.package_discovery:Found 15 installed packages in /userdata/dev_ws/install
[1.976s] DEBUG:colcon.colcon_installed_package_information.package_discovery:Found 54 installed packages in /opt/tros/humble
[1.987s] DEBUG:colcon.colcon_installed_package_information.package_discovery:Found 257 installed packages in /opt/ros/humble
[2.005s] Level 1:colcon.colcon_core.package_discovery:discover_packages(prefix_path) using defaults
[2.355s] Level 5:colcon.colcon_core.verb:set package 'aaa_pkg_python' build argument 'cmake_args' from command line to 'None'
[2.356s] Level 5:colcon.colcon_core.verb:set package 'aaa_pkg_python' build argument 'cmake_target' from command line to 'None'
[2.356s] Level 5:colcon.colcon_core.verb:set package 'aaa_pkg_python' build argument 'cmake_target_skip_unavailable' from command line to 'False'
[2.356s] Level 5:colcon.colcon_core.verb:set package 'aaa_pkg_python' build argument 'cmake_clean_cache' from command line to 'False'
[2.357s] Level 5:colcon.colcon_core.verb:set package 'aaa_pkg_python' build argument 'cmake_clean_first' from command line to 'False'
[2.357s] Level 5:colcon.colcon_core.verb:set package 'aaa_pkg_python' build argument 'cmake_force_configure' from command line to 'False'
[2.357s] Level 5:colcon.colcon_core.verb:set package 'aaa_pkg_python' build argument 'ament_cmake_args' from command line to 'None'
[2.357s] Level 5:colcon.colcon_core.verb:set package 'aaa_pkg_python' build argument 'catkin_cmake_args' from command line to 'None'
[2.357s] Level 5:colcon.colcon_core.verb:set package 'aaa_pkg_python' build argument 'catkin_skip_building_tests' from command line to 'False'
[2.358s] DEBUG:colcon.colcon_core.verb:Building package 'aaa_pkg_python' with the following arguments: {'ament_cmake_args': None, 'build_base': '/userdata/aaa_ws/build/aaa_pkg_python', 'catkin_cmake_args': None, 'catkin_skip_building_tests': False, 'cmake_args': None, 'cmake_clean_cache': False, 'cmake_clean_first': False, 'cmake_force_configure': False, 'cmake_target': None, 'cmake_target_skip_unavailable': False, 'install_base': '/userdata/aaa_ws/install/aaa_pkg_python', 'merge_install': False, 'path': '/userdata/aaa_ws/src/aaa_pkg_python', 'symlink_install': False, 'test_result_base': None}
[2.359s] INFO:colcon.colcon_core.executor:Executing jobs using 'parallel' executor
[2.363s] DEBUG:colcon.colcon_parallel_executor.executor.parallel:run_until_complete
[2.365s] INFO:colcon.colcon_ros.task.ament_python.build:Building ROS package in '/userdata/aaa_ws/src/aaa_pkg_python' with build type 'ament_python'
[2.365s] Level 1:colcon.colcon_core.shell:create_environment_hook('aaa_pkg_python', 'ament_prefix_path')
[2.377s] INFO:colcon.colcon_core.plugin_system:Skipping extension 'colcon_core.shell.bat': Not used on non-Windows systems
[2.378s] INFO:colcon.colcon_core.shell:Creating environment hook '/userdata/aaa_ws/install/aaa_pkg_python/share/aaa_pkg_python/hook/ament_prefix_path.ps1'
[2.383s] INFO:colcon.colcon_core.shell:Creating environment descriptor '/userdata/aaa_ws/install/aaa_pkg_python/share/aaa_pkg_python/hook/ament_prefix_path.dsv'
[2.385s] INFO:colcon.colcon_core.shell:Creating environment hook '/userdata/aaa_ws/install/aaa_pkg_python/share/aaa_pkg_python/hook/ament_prefix_path.sh'
[2.390s] INFO:colcon.colcon_core.shell:Skip shell extension 'powershell' for command environment: Not usable outside of PowerShell
[2.391s] DEBUG:colcon.colcon_core.shell:Skip shell extension 'dsv' for command environment
[4.025s] INFO:colcon.colcon_core.task.python.build:Building Python package in '/userdata/aaa_ws/src/aaa_pkg_python'
[4.027s] INFO:colcon.colcon_core.shell:Skip shell extension 'powershell' for command environment: Not usable outside of PowerShell
[4.028s] DEBUG:colcon.colcon_core.shell:Skip shell extension 'dsv' for command environment
[6.275s] DEBUG:colcon.colcon_core.event_handler.log_command:Invoking command in '/userdata/aaa_ws/src/aaa_pkg_python': PYTHONPATH=/userdata/aaa_ws/build/aaa_pkg_python/prefix_override:/usr/lib/python3/dist-packages/colcon_core/task/python/colcon_distutils_commands:/userdata/aaa_ws/install/aaa_pkg_python/lib/python3.10/site-packages:${PYTHONPATH} /usr/bin/python3 -W ignore:setup.py install is deprecated -W ignore:easy_install command is deprecated setup.py egg_info --egg-base ../../build/aaa_pkg_python build --build-base /userdata/aaa_ws/build/aaa_pkg_python/build install --record /userdata/aaa_ws/build/aaa_pkg_python/install.log --single-version-externally-managed install_data
[8.125s] DEBUG:colcon.colcon_core.event_handler.log_command:Invoked command in '/userdata/aaa_ws/src/aaa_pkg_python' returned '0': PYTHONPATH=/userdata/aaa_ws/build/aaa_pkg_python/prefix_override:/usr/lib/python3/dist-packages/colcon_core/task/python/colcon_distutils_commands:/userdata/aaa_ws/install/aaa_pkg_python/lib/python3.10/site-packages:${PYTHONPATH} /usr/bin/python3 -W ignore:setup.py install is deprecated -W ignore:easy_install command is deprecated setup.py egg_info --egg-base ../../build/aaa_pkg_python build --build-base /userdata/aaa_ws/build/aaa_pkg_python/build install --record /userdata/aaa_ws/build/aaa_pkg_python/install.log --single-version-externally-managed install_data
[8.144s] Level 1:colcon.colcon_core.environment:checking '/userdata/aaa_ws/install/aaa_pkg_python' for CMake module files
[8.147s] Level 1:colcon.colcon_core.environment:checking '/userdata/aaa_ws/install/aaa_pkg_python' for CMake config files
[8.150s] Level 1:colcon.colcon_core.environment:checking '/userdata/aaa_ws/install/aaa_pkg_python/lib'
[8.151s] Level 1:colcon.colcon_core.environment:checking '/userdata/aaa_ws/install/aaa_pkg_python/bin'
[8.151s] Level 1:colcon.colcon_core.environment:checking '/userdata/aaa_ws/install/aaa_pkg_python/lib/pkgconfig/aaa_pkg_python.pc'
[8.154s] Level 1:colcon.colcon_core.environment:checking '/userdata/aaa_ws/install/aaa_pkg_python/lib/python3.10/site-packages'
[8.154s] Level 1:colcon.colcon_core.shell:create_environment_hook('aaa_pkg_python', 'pythonpath')
[8.157s] INFO:colcon.colcon_core.shell:Creating environment hook '/userdata/aaa_ws/install/aaa_pkg_python/share/aaa_pkg_python/hook/pythonpath.ps1'
[8.162s] INFO:colcon.colcon_core.shell:Creating environment descriptor '/userdata/aaa_ws/install/aaa_pkg_python/share/aaa_pkg_python/hook/pythonpath.dsv'
[8.165s] INFO:colcon.colcon_core.shell:Creating environment hook '/userdata/aaa_ws/install/aaa_pkg_python/share/aaa_pkg_python/hook/pythonpath.sh'
[8.169s] Level 1:colcon.colcon_core.environment:checking '/userdata/aaa_ws/install/aaa_pkg_python/bin'
[8.170s] Level 1:colcon.colcon_core.environment:create_environment_scripts_only(aaa_pkg_python)
[8.172s] INFO:colcon.colcon_core.shell:Creating package script '/userdata/aaa_ws/install/aaa_pkg_python/share/aaa_pkg_python/package.ps1'
[8.178s] INFO:colcon.colcon_core.shell:Creating package descriptor '/userdata/aaa_ws/install/aaa_pkg_python/share/aaa_pkg_python/package.dsv'
[8.182s] INFO:colcon.colcon_core.shell:Creating package script '/userdata/aaa_ws/install/aaa_pkg_python/share/aaa_pkg_python/package.sh'
[8.188s] INFO:colcon.colcon_core.shell:Creating package script '/userdata/aaa_ws/install/aaa_pkg_python/share/aaa_pkg_python/package.bash'
[8.193s] INFO:colcon.colcon_core.shell:Creating package script '/userdata/aaa_ws/install/aaa_pkg_python/share/aaa_pkg_python/package.zsh'
[8.199s] Level 1:colcon.colcon_core.environment:create_file_with_runtime_dependencies(/userdata/aaa_ws/install/aaa_pkg_python/share/colcon-core/packages/aaa_pkg_python)
[8.200s] DEBUG:colcon.colcon_parallel_executor.executor.parallel:closing loop
[8.202s] DEBUG:colcon.colcon_parallel_executor.executor.parallel:loop closed
[8.202s] DEBUG:colcon.colcon_parallel_executor.executor.parallel:run_until_complete finished with '0'
[8.203s] DEBUG:colcon.colcon_core.event_reactor:joining thread
[8.230s] INFO:colcon.colcon_core.plugin_system:Skipping extension 'colcon_notification.desktop_notification.notify_send': Could not find 'notify-send'
[8.230s] INFO:colcon.colcon_core.plugin_system:Skipping extension 'colcon_notification.desktop_notification.terminal_notifier': Not used on non-Darwin systems
[8.231s] INFO:colcon.colcon_core.plugin_system:Skipping extension 'colcon_notification.desktop_notification.win32': Not used on non-Windows systems
[8.231s] INFO:colcon.colcon_notification.desktop_notification:Sending desktop notification using 'notify2'
[33.252s] DEBUG:colcon.colcon_notification.desktop_notification.notify2:Failed to initialize notify2: org.freedesktop.DBus.Error.NoReply: Did not receive a reply. Possible causes include: the remote application did not send a reply, the message bus security policy blocked the reply, the reply timeout expired, or the network connection was broken.
[33.253s] DEBUG:colcon.colcon_core.event_reactor:joined thread
[33.254s] INFO:colcon.colcon_core.shell:Creating prefix script '/userdata/aaa_ws/install/local_setup.ps1'
[33.260s] INFO:colcon.colcon_core.shell:Creating prefix util module '/userdata/aaa_ws/install/_local_setup_util_ps1.py'
[33.270s] INFO:colcon.colcon_core.shell:Creating prefix chain script '/userdata/aaa_ws/install/setup.ps1'
[33.280s] INFO:colcon.colcon_core.shell:Creating prefix script '/userdata/aaa_ws/install/local_setup.sh'
[33.284s] INFO:colcon.colcon_core.shell:Creating prefix util module '/userdata/aaa_ws/install/_local_setup_util_sh.py'
[33.288s] INFO:colcon.colcon_core.shell:Creating prefix chain script '/userdata/aaa_ws/install/setup.sh'
[33.298s] INFO:colcon.colcon_core.shell:Creating prefix script '/userdata/aaa_ws/install/local_setup.bash'
[33.302s] INFO:colcon.colcon_core.shell:Creating prefix chain script '/userdata/aaa_ws/install/setup.bash'
[33.312s] INFO:colcon.colcon_core.shell:Creating prefix script '/userdata/aaa_ws/install/local_setup.zsh'
[33.315s] INFO:colcon.colcon_core.shell:Creating prefix chain script '/userdata/aaa_ws/install/setup.zsh'
