[0.053s] Invoking command in '/userdata/ex_ws/build/cpp_pubsub': CMAKE_PREFIX_PATH=${CMAKE_PREFIX_PATH}:/userdata/dev_ws/install/originbot_linefollower:/userdata/dev_ws/install/originbot_demo:/opt/tros/humble:/opt/ros/humble /usr/bin/cmake /userdata/ex_ws/src/cpp_pubsub -DCMAKE_INSTALL_PREFIX=/userdata/ex_ws/install/cpp_pubsub
[2.878s] -- The C compiler identification is GNU 11.4.0
[5.060s] -- The CXX compiler identification is GNU 11.4.0
[5.290s] -- Detecting C compiler ABI info
[5.854s] -- Detecting C compiler ABI info - done
[5.914s] -- Check for working C compiler: /usr/bin/cc - skipped
[5.920s] -- Detecting C compile features
[5.939s] -- Detecting C compile features - done
[5.977s] -- Detecting CXX compiler ABI info
[6.444s] -- Detecting CXX compiler ABI info - done
[6.515s] -- Check for working CXX compiler: /usr/bin/c++ - skipped
[6.516s] -- Detecting CXX compile features
[6.519s] -- Detecting CXX compile features - done
[6.636s] -- Found ament_cmake: 1.3.11 (/opt/ros/humble/share/ament_cmake/cmake)
[7.935s] -- Found Python3: /usr/bin/python3 (found version "3.10.12") found components: Interpreter 
[9.589s] -- Found rclcpp: 16.0.12 (/opt/ros/humble/share/rclcpp/cmake)
[10.752s] -- Found rosidl_generator_c: 3.1.6 (/opt/ros/humble/share/rosidl_generator_c/cmake)
[10.871s] -- Found rosidl_adapter: 3.1.6 (/opt/ros/humble/share/rosidl_adapter/cmake)
[11.133s] -- Found rosidl_generator_cpp: 3.1.6 (/opt/ros/humble/share/rosidl_generator_cpp/cmake)
[11.510s] -- Using all available rosidl_typesupport_c: rosidl_typesupport_fastrtps_c;rosidl_typesupport_introspection_c
[11.848s] -- Using all available rosidl_typesupport_cpp: rosidl_typesupport_fastrtps_cpp;rosidl_typesupport_introspection_cpp
[12.894s] -- Found rmw_implementation_cmake: 6.1.2 (/opt/ros/humble/share/rmw_implementation_cmake/cmake)
[12.982s] -- Found rmw_fastrtps_cpp: 6.2.7 (/opt/ros/humble/share/rmw_fastrtps_cpp/cmake)
[14.223s] -- Found OpenSSL: /usr/lib/aarch64-linux-gnu/libcrypto.so (found version "3.0.2")  
[14.420s] -- Found FastRTPS: /opt/ros/humble/include  
[14.623s] -- Using RMW implementation 'rmw_fastrtps_cpp' as default
[14.843s] -- Looking for pthread.h
[15.765s] -- Looking for pthread.h - found
[15.766s] -- Performing Test CMAKE_HAVE_LIBC_PTHREAD
[16.225s] -- Performing Test CMAKE_HAVE_LIBC_PTHREAD - Success
[16.237s] -- Found Threads: TRUE  
[17.762s] -- Configuring done
[17.825s] -- Generating done
[17.850s] -- Build files have been written to: /userdata/ex_ws/build/cpp_pubsub
[17.915s] Invoked command in '/userdata/ex_ws/build/cpp_pubsub' returned '0': CMAKE_PREFIX_PATH=${CMAKE_PREFIX_PATH}:/userdata/dev_ws/install/originbot_linefollower:/userdata/dev_ws/install/originbot_demo:/opt/tros/humble:/opt/ros/humble /usr/bin/cmake /userdata/ex_ws/src/cpp_pubsub -DCMAKE_INSTALL_PREFIX=/userdata/ex_ws/install/cpp_pubsub
[17.936s] Invoking command in '/userdata/ex_ws/build/cpp_pubsub': CMAKE_PREFIX_PATH=${CMAKE_PREFIX_PATH}:/userdata/dev_ws/install/originbot_linefollower:/userdata/dev_ws/install/originbot_demo:/opt/tros/humble:/opt/ros/humble /usr/bin/cmake --build /userdata/ex_ws/build/cpp_pubsub -- -j8 -l8
[18.177s] [ 50%] [32mBuilding CXX object CMakeFiles/listener.dir/src/subscriber_member_function.cpp.o[0m
[18.177s] [ 50%] [32mBuilding CXX object CMakeFiles/talker.dir/src/publisher_member_function.cpp.o[0m
[50.301s] [ 75%] [32m[1mLinking CXX executable talker[0m
[52.465s] [ 75%] Built target talker
[70.689s] [100%] [32m[1mLinking CXX executable listener[0m
[73.546s] [100%] Built target listener
[73.616s] Invoked command in '/userdata/ex_ws/build/cpp_pubsub' returned '0': CMAKE_PREFIX_PATH=${CMAKE_PREFIX_PATH}:/userdata/dev_ws/install/originbot_linefollower:/userdata/dev_ws/install/originbot_demo:/opt/tros/humble:/opt/ros/humble /usr/bin/cmake --build /userdata/ex_ws/build/cpp_pubsub -- -j8 -l8
[73.673s] Invoking command in '/userdata/ex_ws/build/cpp_pubsub': CMAKE_PREFIX_PATH=${CMAKE_PREFIX_PATH}:/userdata/dev_ws/install/originbot_linefollower:/userdata/dev_ws/install/originbot_demo:/opt/tros/humble:/opt/ros/humble /usr/bin/cmake --install /userdata/ex_ws/build/cpp_pubsub
[73.709s] -- Install configuration: ""
[73.710s] -- Installing: /userdata/ex_ws/install/cpp_pubsub/lib/cpp_pubsub/talker
[73.716s] -- Set runtime path of "/userdata/ex_ws/install/cpp_pubsub/lib/cpp_pubsub/talker" to ""
[73.717s] -- Up-to-date: /userdata/ex_ws/install/cpp_pubsub/lib/cpp_pubsub/talker
[73.717s] -- Installing: /userdata/ex_ws/install/cpp_pubsub/lib/cpp_pubsub/listener
[73.739s] -- Set runtime path of "/userdata/ex_ws/install/cpp_pubsub/lib/cpp_pubsub/listener" to ""
[73.739s] -- Installing: /userdata/ex_ws/install/cpp_pubsub/share/ament_index/resource_index/package_run_dependencies/cpp_pubsub
[73.740s] -- Installing: /userdata/ex_ws/install/cpp_pubsub/share/ament_index/resource_index/parent_prefix_path/cpp_pubsub
[73.741s] -- Installing: /userdata/ex_ws/install/cpp_pubsub/share/cpp_pubsub/environment/ament_prefix_path.sh
[73.741s] -- Installing: /userdata/ex_ws/install/cpp_pubsub/share/cpp_pubsub/environment/ament_prefix_path.dsv
[73.742s] -- Installing: /userdata/ex_ws/install/cpp_pubsub/share/cpp_pubsub/environment/path.sh
[73.742s] -- Installing: /userdata/ex_ws/install/cpp_pubsub/share/cpp_pubsub/environment/path.dsv
[73.743s] -- Installing: /userdata/ex_ws/install/cpp_pubsub/share/cpp_pubsub/local_setup.bash
[73.743s] -- Installing: /userdata/ex_ws/install/cpp_pubsub/share/cpp_pubsub/local_setup.sh
[73.744s] -- Installing: /userdata/ex_ws/install/cpp_pubsub/share/cpp_pubsub/local_setup.zsh
[73.745s] -- Installing: /userdata/ex_ws/install/cpp_pubsub/share/cpp_pubsub/local_setup.dsv
[73.745s] -- Installing: /userdata/ex_ws/install/cpp_pubsub/share/cpp_pubsub/package.dsv
[73.746s] -- Installing: /userdata/ex_ws/install/cpp_pubsub/share/ament_index/resource_index/packages/cpp_pubsub
[73.746s] -- Installing: /userdata/ex_ws/install/cpp_pubsub/share/cpp_pubsub/cmake/cpp_pubsubConfig.cmake
[73.747s] -- Installing: /userdata/ex_ws/install/cpp_pubsub/share/cpp_pubsub/cmake/cpp_pubsubConfig-version.cmake
[73.747s] -- Installing: /userdata/ex_ws/install/cpp_pubsub/share/cpp_pubsub/package.xml
[73.759s] Invoked command in '/userdata/ex_ws/build/cpp_pubsub' returned '0': CMAKE_PREFIX_PATH=${CMAKE_PREFIX_PATH}:/userdata/dev_ws/install/originbot_linefollower:/userdata/dev_ws/install/originbot_demo:/opt/tros/humble:/opt/ros/humble /usr/bin/cmake --install /userdata/ex_ws/build/cpp_pubsub
