[0.624s] DEBUG:colcon:Command line arguments: ['/usr/bin/colcon', 'build']
[0.624s] DEBUG:colcon:Parsed command line arguments: Namespace(log_base=None, log_level=None, verb_name='build', build_base='build', install_base='install', merge_install=False, symlink_install=False, test_result_base=None, continue_on_error=False, executor='parallel', parallel_workers=8, event_handlers=None, ignore_user_meta=False, metas=['./colcon.meta'], base_paths=['.'], packages_ignore=None, packages_ignore_regex=None, paths=None, packages_up_to=None, packages_up_to_regex=None, packages_above=None, packages_above_and_dependencies=None, packages_above_depth=None, packages_select_by_dep=None, packages_skip_by_dep=None, packages_skip_up_to=None, packages_select_build_failed=False, packages_skip_build_finished=False, packages_select_test_failures=False, packages_skip_test_passed=False, packages_select=None, packages_skip=None, packages_select_regex=None, packages_skip_regex=None, packages_start=None, packages_end=None, allow_overriding=[], cmake_args=None, cmake_target=None, cmake_target_skip_unavailable=False, cmake_clean_cache=False, cmake_clean_first=False, cmake_force_configure=False, ament_cmake_args=None, catkin_cmake_args=None, catkin_skip_building_tests=False, verb_parser=<colcon_defaults.argument_parser.defaults.DefaultArgumentsDecorator object at 0xffff91bd7e80>, verb_extension=<colcon_core.verb.build.BuildVerb object at 0xffff91bd7a00>, main=<bound method BuildVerb.main of <colcon_core.verb.build.BuildVerb object at 0xffff91bd7a00>>)
[1.664s] Level 1:colcon.colcon_core.package_discovery:discover_packages(colcon_meta) check parameters
[1.664s] Level 1:colcon.colcon_core.package_discovery:discover_packages(recursive) check parameters
[1.665s] Level 1:colcon.colcon_core.package_discovery:discover_packages(ignore) check parameters
[1.665s] Level 1:colcon.colcon_core.package_discovery:discover_packages(path) check parameters
[1.665s] Level 1:colcon.colcon_core.package_discovery:discover_packages(colcon_meta) discover
[1.665s] Level 1:colcon.colcon_core.package_discovery:discover_packages(recursive) discover
[1.666s] INFO:colcon.colcon_core.package_discovery:Crawling recursively for packages in '/userdata/ccc_ws'
[1.666s] Level 1:colcon.colcon_core.package_identification:_identify(.) by extensions ['ignore', 'ignore_ament_install']
[1.666s] Level 1:colcon.colcon_core.package_identification:_identify(.) by extension 'ignore'
[1.667s] Level 1:colcon.colcon_core.package_identification:_identify(.) by extension 'ignore_ament_install'
[1.667s] Level 1:colcon.colcon_core.package_identification:_identify(.) by extensions ['colcon_pkg']
[1.667s] Level 1:colcon.colcon_core.package_identification:_identify(.) by extension 'colcon_pkg'
[1.668s] Level 1:colcon.colcon_core.package_identification:_identify(.) by extensions ['colcon_meta']
[1.668s] Level 1:colcon.colcon_core.package_identification:_identify(.) by extension 'colcon_meta'
[1.668s] Level 1:colcon.colcon_core.package_identification:_identify(.) by extensions ['ros']
[1.668s] Level 1:colcon.colcon_core.package_identification:_identify(.) by extension 'ros'
[1.741s] Level 1:colcon.colcon_core.package_identification:_identify(.) by extensions ['cmake', 'python']
[1.741s] Level 1:colcon.colcon_core.package_identification:_identify(.) by extension 'cmake'
[1.741s] Level 1:colcon.colcon_core.package_identification:_identify(.) by extension 'python'
[1.742s] Level 1:colcon.colcon_core.package_identification:_identify(.) by extensions ['python_setup_py']
[1.742s] Level 1:colcon.colcon_core.package_identification:_identify(.) by extension 'python_setup_py'
[1.742s] Level 1:colcon.colcon_core.package_identification:_identify(build) by extensions ['ignore', 'ignore_ament_install']
[1.743s] Level 1:colcon.colcon_core.package_identification:_identify(build) by extension 'ignore'
[1.743s] Level 1:colcon.colcon_core.package_identification:_identify(build) ignored
[1.744s] Level 1:colcon.colcon_core.package_identification:_identify(install) by extensions ['ignore', 'ignore_ament_install']
[1.744s] Level 1:colcon.colcon_core.package_identification:_identify(install) by extension 'ignore'
[1.744s] Level 1:colcon.colcon_core.package_identification:_identify(install) ignored
[1.745s] Level 1:colcon.colcon_core.package_identification:_identify(log) by extensions ['ignore', 'ignore_ament_install']
[1.745s] Level 1:colcon.colcon_core.package_identification:_identify(log) by extension 'ignore'
[1.745s] Level 1:colcon.colcon_core.package_identification:_identify(log) ignored
[1.746s] Level 1:colcon.colcon_core.package_identification:_identify(src) by extensions ['ignore', 'ignore_ament_install']
[1.746s] Level 1:colcon.colcon_core.package_identification:_identify(src) by extension 'ignore'
[1.746s] Level 1:colcon.colcon_core.package_identification:_identify(src) by extension 'ignore_ament_install'
[1.747s] Level 1:colcon.colcon_core.package_identification:_identify(src) by extensions ['colcon_pkg']
[1.747s] Level 1:colcon.colcon_core.package_identification:_identify(src) by extension 'colcon_pkg'
[1.747s] Level 1:colcon.colcon_core.package_identification:_identify(src) by extensions ['colcon_meta']
[1.747s] Level 1:colcon.colcon_core.package_identification:_identify(src) by extension 'colcon_meta'
[1.748s] Level 1:colcon.colcon_core.package_identification:_identify(src) by extensions ['ros']
[1.748s] Level 1:colcon.colcon_core.package_identification:_identify(src) by extension 'ros'
[1.748s] Level 1:colcon.colcon_core.package_identification:_identify(src) by extensions ['cmake', 'python']
[1.749s] Level 1:colcon.colcon_core.package_identification:_identify(src) by extension 'cmake'
[1.749s] Level 1:colcon.colcon_core.package_identification:_identify(src) by extension 'python'
[1.749s] Level 1:colcon.colcon_core.package_identification:_identify(src) by extensions ['python_setup_py']
[1.749s] Level 1:colcon.colcon_core.package_identification:_identify(src) by extension 'python_setup_py'
[1.750s] Level 1:colcon.colcon_core.package_identification:_identify(src/ccc_pkg_python) by extensions ['ignore', 'ignore_ament_install']
[1.750s] Level 1:colcon.colcon_core.package_identification:_identify(src/ccc_pkg_python) by extension 'ignore'
[1.750s] Level 1:colcon.colcon_core.package_identification:_identify(src/ccc_pkg_python) by extension 'ignore_ament_install'
[1.751s] Level 1:colcon.colcon_core.package_identification:_identify(src/ccc_pkg_python) by extensions ['colcon_pkg']
[1.751s] Level 1:colcon.colcon_core.package_identification:_identify(src/ccc_pkg_python) by extension 'colcon_pkg'
[1.751s] Level 1:colcon.colcon_core.package_identification:_identify(src/ccc_pkg_python) by extensions ['colcon_meta']
[1.751s] Level 1:colcon.colcon_core.package_identification:_identify(src/ccc_pkg_python) by extension 'colcon_meta'
[1.752s] Level 1:colcon.colcon_core.package_identification:_identify(src/ccc_pkg_python) by extensions ['ros']
[1.752s] Level 1:colcon.colcon_core.package_identification:_identify(src/ccc_pkg_python) by extension 'ros'
[1.765s] DEBUG:colcon.colcon_core.package_identification:Package 'src/ccc_pkg_python' with type 'ros.ament_python' and name 'ccc_pkg_python'
[1.765s] Level 1:colcon.colcon_core.package_discovery:discover_packages(recursive) using defaults
[1.765s] Level 1:colcon.colcon_core.package_discovery:discover_packages(ignore) discover
[1.765s] Level 1:colcon.colcon_core.package_discovery:discover_packages(ignore) using defaults
[1.766s] Level 1:colcon.colcon_core.package_discovery:discover_packages(path) discover
[1.766s] Level 1:colcon.colcon_core.package_discovery:discover_packages(path) using defaults
[1.877s] Level 1:colcon.colcon_core.package_discovery:discover_packages(prefix_path) check parameters
[1.877s] Level 1:colcon.colcon_core.package_discovery:discover_packages(prefix_path) discover
[1.891s] DEBUG:colcon.colcon_installed_package_information.package_discovery:Found 15 installed packages in /userdata/dev_ws/install
[1.894s] DEBUG:colcon.colcon_installed_package_information.package_discovery:Found 54 installed packages in /opt/tros/humble
[1.905s] DEBUG:colcon.colcon_installed_package_information.package_discovery:Found 257 installed packages in /opt/ros/humble
[1.922s] Level 1:colcon.colcon_core.package_discovery:discover_packages(prefix_path) using defaults
[2.262s] Level 5:colcon.colcon_core.verb:set package 'ccc_pkg_python' build argument 'cmake_args' from command line to 'None'
[2.263s] Level 5:colcon.colcon_core.verb:set package 'ccc_pkg_python' build argument 'cmake_target' from command line to 'None'
[2.263s] Level 5:colcon.colcon_core.verb:set package 'ccc_pkg_python' build argument 'cmake_target_skip_unavailable' from command line to 'False'
[2.263s] Level 5:colcon.colcon_core.verb:set package 'ccc_pkg_python' build argument 'cmake_clean_cache' from command line to 'False'
[2.263s] Level 5:colcon.colcon_core.verb:set package 'ccc_pkg_python' build argument 'cmake_clean_first' from command line to 'False'
[2.263s] Level 5:colcon.colcon_core.verb:set package 'ccc_pkg_python' build argument 'cmake_force_configure' from command line to 'False'
[2.263s] Level 5:colcon.colcon_core.verb:set package 'ccc_pkg_python' build argument 'ament_cmake_args' from command line to 'None'
[2.264s] Level 5:colcon.colcon_core.verb:set package 'ccc_pkg_python' build argument 'catkin_cmake_args' from command line to 'None'
[2.264s] Level 5:colcon.colcon_core.verb:set package 'ccc_pkg_python' build argument 'catkin_skip_building_tests' from command line to 'False'
[2.264s] DEBUG:colcon.colcon_core.verb:Building package 'ccc_pkg_python' with the following arguments: {'ament_cmake_args': None, 'build_base': '/userdata/ccc_ws/build/ccc_pkg_python', 'catkin_cmake_args': None, 'catkin_skip_building_tests': False, 'cmake_args': None, 'cmake_clean_cache': False, 'cmake_clean_first': False, 'cmake_force_configure': False, 'cmake_target': None, 'cmake_target_skip_unavailable': False, 'install_base': '/userdata/ccc_ws/install/ccc_pkg_python', 'merge_install': False, 'path': '/userdata/ccc_ws/src/ccc_pkg_python', 'symlink_install': False, 'test_result_base': None}
[2.265s] INFO:colcon.colcon_core.executor:Executing jobs using 'parallel' executor
[2.269s] DEBUG:colcon.colcon_parallel_executor.executor.parallel:run_until_complete
[2.271s] INFO:colcon.colcon_ros.task.ament_python.build:Building ROS package in '/userdata/ccc_ws/src/ccc_pkg_python' with build type 'ament_python'
[2.271s] Level 1:colcon.colcon_core.shell:create_environment_hook('ccc_pkg_python', 'ament_prefix_path')
[2.282s] INFO:colcon.colcon_core.plugin_system:Skipping extension 'colcon_core.shell.bat': Not used on non-Windows systems
[2.283s] INFO:colcon.colcon_core.shell:Creating environment hook '/userdata/ccc_ws/install/ccc_pkg_python/share/ccc_pkg_python/hook/ament_prefix_path.ps1'
[2.288s] INFO:colcon.colcon_core.shell:Creating environment descriptor '/userdata/ccc_ws/install/ccc_pkg_python/share/ccc_pkg_python/hook/ament_prefix_path.dsv'
[2.290s] INFO:colcon.colcon_core.shell:Creating environment hook '/userdata/ccc_ws/install/ccc_pkg_python/share/ccc_pkg_python/hook/ament_prefix_path.sh'
[2.295s] INFO:colcon.colcon_core.shell:Skip shell extension 'powershell' for command environment: Not usable outside of PowerShell
[2.295s] DEBUG:colcon.colcon_core.shell:Skip shell extension 'dsv' for command environment
[3.927s] INFO:colcon.colcon_core.task.python.build:Building Python package in '/userdata/ccc_ws/src/ccc_pkg_python'
[3.928s] INFO:colcon.colcon_core.shell:Skip shell extension 'powershell' for command environment: Not usable outside of PowerShell
[3.928s] DEBUG:colcon.colcon_core.shell:Skip shell extension 'dsv' for command environment
[6.179s] DEBUG:colcon.colcon_core.event_handler.log_command:Invoking command in '/userdata/ccc_ws/src/ccc_pkg_python': PYTHONPATH=/userdata/ccc_ws/build/ccc_pkg_python/prefix_override:/usr/lib/python3/dist-packages/colcon_core/task/python/colcon_distutils_commands:/userdata/ccc_ws/install/ccc_pkg_python/lib/python3.10/site-packages:${PYTHONPATH} /usr/bin/python3 -W ignore:setup.py install is deprecated -W ignore:easy_install command is deprecated setup.py egg_info --egg-base ../../build/ccc_pkg_python build --build-base /userdata/ccc_ws/build/ccc_pkg_python/build install --record /userdata/ccc_ws/build/ccc_pkg_python/install.log --single-version-externally-managed install_data
[8.042s] DEBUG:colcon.colcon_core.event_handler.log_command:Invoked command in '/userdata/ccc_ws/src/ccc_pkg_python' returned '0': PYTHONPATH=/userdata/ccc_ws/build/ccc_pkg_python/prefix_override:/usr/lib/python3/dist-packages/colcon_core/task/python/colcon_distutils_commands:/userdata/ccc_ws/install/ccc_pkg_python/lib/python3.10/site-packages:${PYTHONPATH} /usr/bin/python3 -W ignore:setup.py install is deprecated -W ignore:easy_install command is deprecated setup.py egg_info --egg-base ../../build/ccc_pkg_python build --build-base /userdata/ccc_ws/build/ccc_pkg_python/build install --record /userdata/ccc_ws/build/ccc_pkg_python/install.log --single-version-externally-managed install_data
[8.084s] Level 1:colcon.colcon_core.environment:checking '/userdata/ccc_ws/install/ccc_pkg_python' for CMake module files
[8.090s] Level 1:colcon.colcon_core.environment:checking '/userdata/ccc_ws/install/ccc_pkg_python' for CMake config files
[8.096s] Level 1:colcon.colcon_core.environment:checking '/userdata/ccc_ws/install/ccc_pkg_python/lib'
[8.098s] Level 1:colcon.colcon_core.environment:checking '/userdata/ccc_ws/install/ccc_pkg_python/bin'
[8.099s] Level 1:colcon.colcon_core.environment:checking '/userdata/ccc_ws/install/ccc_pkg_python/lib/pkgconfig/ccc_pkg_python.pc'
[8.102s] Level 1:colcon.colcon_core.environment:checking '/userdata/ccc_ws/install/ccc_pkg_python/lib/python3.10/site-packages'
[8.102s] Level 1:colcon.colcon_core.shell:create_environment_hook('ccc_pkg_python', 'pythonpath')
[8.105s] INFO:colcon.colcon_core.shell:Creating environment hook '/userdata/ccc_ws/install/ccc_pkg_python/share/ccc_pkg_python/hook/pythonpath.ps1'
[8.109s] INFO:colcon.colcon_core.shell:Creating environment descriptor '/userdata/ccc_ws/install/ccc_pkg_python/share/ccc_pkg_python/hook/pythonpath.dsv'
[8.113s] INFO:colcon.colcon_core.shell:Creating environment hook '/userdata/ccc_ws/install/ccc_pkg_python/share/ccc_pkg_python/hook/pythonpath.sh'
[8.116s] Level 1:colcon.colcon_core.environment:checking '/userdata/ccc_ws/install/ccc_pkg_python/bin'
[8.117s] Level 1:colcon.colcon_core.environment:create_environment_scripts_only(ccc_pkg_python)
[8.119s] INFO:colcon.colcon_core.shell:Creating package script '/userdata/ccc_ws/install/ccc_pkg_python/share/ccc_pkg_python/package.ps1'
[8.128s] INFO:colcon.colcon_core.shell:Creating package descriptor '/userdata/ccc_ws/install/ccc_pkg_python/share/ccc_pkg_python/package.dsv'
[8.134s] INFO:colcon.colcon_core.shell:Creating package script '/userdata/ccc_ws/install/ccc_pkg_python/share/ccc_pkg_python/package.sh'
[8.143s] INFO:colcon.colcon_core.shell:Creating package script '/userdata/ccc_ws/install/ccc_pkg_python/share/ccc_pkg_python/package.bash'
[8.148s] INFO:colcon.colcon_core.shell:Creating package script '/userdata/ccc_ws/install/ccc_pkg_python/share/ccc_pkg_python/package.zsh'
[8.154s] Level 1:colcon.colcon_core.environment:create_file_with_runtime_dependencies(/userdata/ccc_ws/install/ccc_pkg_python/share/colcon-core/packages/ccc_pkg_python)
[8.155s] DEBUG:colcon.colcon_parallel_executor.executor.parallel:closing loop
[8.157s] DEBUG:colcon.colcon_parallel_executor.executor.parallel:loop closed
[8.157s] DEBUG:colcon.colcon_parallel_executor.executor.parallel:run_until_complete finished with '0'
[8.158s] DEBUG:colcon.colcon_core.event_reactor:joining thread
[8.185s] INFO:colcon.colcon_core.plugin_system:Skipping extension 'colcon_notification.desktop_notification.notify_send': Could not find 'notify-send'
[8.186s] INFO:colcon.colcon_core.plugin_system:Skipping extension 'colcon_notification.desktop_notification.terminal_notifier': Not used on non-Darwin systems
[8.186s] INFO:colcon.colcon_core.plugin_system:Skipping extension 'colcon_notification.desktop_notification.win32': Not used on non-Windows systems
[8.187s] INFO:colcon.colcon_notification.desktop_notification:Sending desktop notification using 'notify2'
[33.214s] DEBUG:colcon.colcon_notification.desktop_notification.notify2:Failed to initialize notify2: org.freedesktop.DBus.Error.NoReply: Did not receive a reply. Possible causes include: the remote application did not send a reply, the message bus security policy blocked the reply, the reply timeout expired, or the network connection was broken.
[33.215s] DEBUG:colcon.colcon_core.event_reactor:joined thread
[33.217s] INFO:colcon.colcon_core.shell:Creating prefix script '/userdata/ccc_ws/install/local_setup.ps1'
[33.224s] INFO:colcon.colcon_core.shell:Creating prefix util module '/userdata/ccc_ws/install/_local_setup_util_ps1.py'
[33.234s] INFO:colcon.colcon_core.shell:Creating prefix chain script '/userdata/ccc_ws/install/setup.ps1'
[33.245s] INFO:colcon.colcon_core.shell:Creating prefix script '/userdata/ccc_ws/install/local_setup.sh'
[33.249s] INFO:colcon.colcon_core.shell:Creating prefix util module '/userdata/ccc_ws/install/_local_setup_util_sh.py'
[33.253s] INFO:colcon.colcon_core.shell:Creating prefix chain script '/userdata/ccc_ws/install/setup.sh'
[33.264s] INFO:colcon.colcon_core.shell:Creating prefix script '/userdata/ccc_ws/install/local_setup.bash'
[33.267s] INFO:colcon.colcon_core.shell:Creating prefix chain script '/userdata/ccc_ws/install/setup.bash'
[33.277s] INFO:colcon.colcon_core.shell:Creating prefix script '/userdata/ccc_ws/install/local_setup.zsh'
[33.280s] INFO:colcon.colcon_core.shell:Creating prefix chain script '/userdata/ccc_ws/install/setup.zsh'
