[6.719s] DEBUG:colcon:Command line arguments: ['/usr/bin/colcon', 'build']
[6.720s] DEBUG:colcon:Parsed command line arguments: Namespace(log_base=None, log_level=None, verb_name='build', build_base='build', install_base='install', merge_install=False, symlink_install=False, test_result_base=None, continue_on_error=False, executor='parallel', parallel_workers=8, event_handlers=None, ignore_user_meta=False, metas=['./colcon.meta'], base_paths=['.'], packages_ignore=None, packages_ignore_regex=None, paths=None, packages_up_to=None, packages_up_to_regex=None, packages_above=None, packages_above_and_dependencies=None, packages_above_depth=None, packages_select_by_dep=None, packages_skip_by_dep=None, packages_skip_up_to=None, packages_select_build_failed=False, packages_skip_build_finished=False, packages_select_test_failures=False, packages_skip_test_passed=False, packages_select=None, packages_skip=None, packages_select_regex=None, packages_skip_regex=None, packages_start=None, packages_end=None, allow_overriding=[], cmake_args=None, cmake_target=None, cmake_target_skip_unavailable=False, cmake_clean_cache=False, cmake_clean_first=False, cmake_force_configure=False, ament_cmake_args=None, catkin_cmake_args=None, catkin_skip_building_tests=False, verb_parser=<colcon_defaults.argument_parser.defaults.DefaultArgumentsDecorator object at 0xffffbbc17eb0>, verb_extension=<colcon_core.verb.build.BuildVerb object at 0xffffbbc17a30>, main=<bound method BuildVerb.main of <colcon_core.verb.build.BuildVerb object at 0xffffbbc17a30>>)
[10.865s] Level 1:colcon.colcon_core.package_discovery:discover_packages(colcon_meta) check parameters
[10.866s] Level 1:colcon.colcon_core.package_discovery:discover_packages(recursive) check parameters
[10.866s] Level 1:colcon.colcon_core.package_discovery:discover_packages(ignore) check parameters
[10.866s] Level 1:colcon.colcon_core.package_discovery:discover_packages(path) check parameters
[10.866s] Level 1:colcon.colcon_core.package_discovery:discover_packages(colcon_meta) discover
[10.867s] Level 1:colcon.colcon_core.package_discovery:discover_packages(recursive) discover
[10.867s] INFO:colcon.colcon_core.package_discovery:Crawling recursively for packages in '/userdata/ex_ws'
[10.867s] Level 1:colcon.colcon_core.package_identification:_identify(.) by extensions ['ignore', 'ignore_ament_install']
[10.868s] Level 1:colcon.colcon_core.package_identification:_identify(.) by extension 'ignore'
[10.868s] Level 1:colcon.colcon_core.package_identification:_identify(.) by extension 'ignore_ament_install'
[10.868s] Level 1:colcon.colcon_core.package_identification:_identify(.) by extensions ['colcon_pkg']
[10.869s] Level 1:colcon.colcon_core.package_identification:_identify(.) by extension 'colcon_pkg'
[10.869s] Level 1:colcon.colcon_core.package_identification:_identify(.) by extensions ['colcon_meta']
[10.869s] Level 1:colcon.colcon_core.package_identification:_identify(.) by extension 'colcon_meta'
[10.869s] Level 1:colcon.colcon_core.package_identification:_identify(.) by extensions ['ros']
[10.869s] Level 1:colcon.colcon_core.package_identification:_identify(.) by extension 'ros'
[10.946s] Level 1:colcon.colcon_core.package_identification:_identify(.) by extensions ['cmake', 'python']
[10.947s] Level 1:colcon.colcon_core.package_identification:_identify(.) by extension 'cmake'
[10.947s] Level 1:colcon.colcon_core.package_identification:_identify(.) by extension 'python'
[10.948s] Level 1:colcon.colcon_core.package_identification:_identify(.) by extensions ['python_setup_py']
[10.948s] Level 1:colcon.colcon_core.package_identification:_identify(.) by extension 'python_setup_py'
[10.948s] Level 1:colcon.colcon_core.package_identification:_identify(build) by extensions ['ignore', 'ignore_ament_install']
[10.949s] Level 1:colcon.colcon_core.package_identification:_identify(build) by extension 'ignore'
[10.949s] Level 1:colcon.colcon_core.package_identification:_identify(build) ignored
[10.950s] Level 1:colcon.colcon_core.package_identification:_identify(install) by extensions ['ignore', 'ignore_ament_install']
[10.950s] Level 1:colcon.colcon_core.package_identification:_identify(install) by extension 'ignore'
[10.950s] Level 1:colcon.colcon_core.package_identification:_identify(install) ignored
[10.951s] Level 1:colcon.colcon_core.package_identification:_identify(log) by extensions ['ignore', 'ignore_ament_install']
[10.951s] Level 1:colcon.colcon_core.package_identification:_identify(log) by extension 'ignore'
[10.952s] Level 1:colcon.colcon_core.package_identification:_identify(log) ignored
[10.952s] Level 1:colcon.colcon_core.package_identification:_identify(src) by extensions ['ignore', 'ignore_ament_install']
[10.952s] Level 1:colcon.colcon_core.package_identification:_identify(src) by extension 'ignore'
[10.953s] Level 1:colcon.colcon_core.package_identification:_identify(src) by extension 'ignore_ament_install'
[10.953s] Level 1:colcon.colcon_core.package_identification:_identify(src) by extensions ['colcon_pkg']
[10.953s] Level 1:colcon.colcon_core.package_identification:_identify(src) by extension 'colcon_pkg'
[10.953s] Level 1:colcon.colcon_core.package_identification:_identify(src) by extensions ['colcon_meta']
[10.954s] Level 1:colcon.colcon_core.package_identification:_identify(src) by extension 'colcon_meta'
[10.954s] Level 1:colcon.colcon_core.package_identification:_identify(src) by extensions ['ros']
[10.954s] Level 1:colcon.colcon_core.package_identification:_identify(src) by extension 'ros'
[10.955s] Level 1:colcon.colcon_core.package_identification:_identify(src) by extensions ['cmake', 'python']
[10.955s] Level 1:colcon.colcon_core.package_identification:_identify(src) by extension 'cmake'
[10.955s] Level 1:colcon.colcon_core.package_identification:_identify(src) by extension 'python'
[10.955s] Level 1:colcon.colcon_core.package_identification:_identify(src) by extensions ['python_setup_py']
[10.955s] Level 1:colcon.colcon_core.package_identification:_identify(src) by extension 'python_setup_py'
[10.956s] Level 1:colcon.colcon_core.package_discovery:discover_packages(recursive) using defaults
[10.956s] Level 1:colcon.colcon_core.package_discovery:discover_packages(ignore) discover
[10.956s] Level 1:colcon.colcon_core.package_discovery:discover_packages(ignore) using defaults
[10.956s] Level 1:colcon.colcon_core.package_discovery:discover_packages(path) discover
[10.957s] Level 1:colcon.colcon_core.package_discovery:discover_packages(path) using defaults
[11.446s] Level 1:colcon.colcon_core.package_discovery:discover_packages(prefix_path) check parameters
[11.447s] Level 1:colcon.colcon_core.package_discovery:discover_packages(prefix_path) discover
[11.541s] DEBUG:colcon.colcon_installed_package_information.package_discovery:Found 15 installed packages in /userdata/dev_ws/install
[11.544s] DEBUG:colcon.colcon_installed_package_information.package_discovery:Found 54 installed packages in /opt/tros/humble
[11.557s] DEBUG:colcon.colcon_installed_package_information.package_discovery:Found 257 installed packages in /opt/ros/humble
[11.570s] Level 1:colcon.colcon_core.package_discovery:discover_packages(prefix_path) using defaults
[12.532s] INFO:colcon.colcon_core.executor:Executing jobs using 'parallel' executor
[12.538s] DEBUG:colcon.colcon_parallel_executor.executor.parallel:run_until_complete
[12.538s] DEBUG:colcon.colcon_parallel_executor.executor.parallel:closing loop
[12.539s] DEBUG:colcon.colcon_parallel_executor.executor.parallel:loop closed
[12.539s] DEBUG:colcon.colcon_parallel_executor.executor.parallel:run_until_complete finished with '0'
[12.539s] DEBUG:colcon.colcon_core.event_reactor:joining thread
[12.760s] INFO:colcon.colcon_core.plugin_system:Skipping extension 'colcon_notification.desktop_notification.notify_send': Could not find 'notify-send'
[12.761s] INFO:colcon.colcon_core.plugin_system:Skipping extension 'colcon_notification.desktop_notification.terminal_notifier': Not used on non-Darwin systems
[12.762s] INFO:colcon.colcon_core.plugin_system:Skipping extension 'colcon_notification.desktop_notification.win32': Not used on non-Windows systems
[12.763s] INFO:colcon.colcon_notification.desktop_notification:Sending desktop notification using 'notify2'
[37.900s] DEBUG:colcon.colcon_notification.desktop_notification.notify2:Failed to initialize notify2: org.freedesktop.DBus.Error.NoReply: Did not receive a reply. Possible causes include: the remote application did not send a reply, the message bus security policy blocked the reply, the reply timeout expired, or the network connection was broken.
[37.901s] DEBUG:colcon.colcon_core.event_reactor:joined thread
[37.932s] INFO:colcon.colcon_core.plugin_system:Skipping extension 'colcon_core.shell.bat': Not used on non-Windows systems
[37.934s] INFO:colcon.colcon_core.shell:Creating prefix script '/userdata/ex_ws/install/local_setup.ps1'
[37.942s] INFO:colcon.colcon_core.shell:Creating prefix util module '/userdata/ex_ws/install/_local_setup_util_ps1.py'
[37.951s] INFO:colcon.colcon_core.shell:Creating prefix chain script '/userdata/ex_ws/install/setup.ps1'
[37.962s] INFO:colcon.colcon_core.shell:Creating prefix script '/userdata/ex_ws/install/local_setup.sh'
[37.967s] INFO:colcon.colcon_core.shell:Creating prefix util module '/userdata/ex_ws/install/_local_setup_util_sh.py'
[37.971s] INFO:colcon.colcon_core.shell:Creating prefix chain script '/userdata/ex_ws/install/setup.sh'
[37.983s] INFO:colcon.colcon_core.shell:Creating prefix script '/userdata/ex_ws/install/local_setup.bash'
[37.987s] INFO:colcon.colcon_core.shell:Creating prefix chain script '/userdata/ex_ws/install/setup.bash'
[37.998s] INFO:colcon.colcon_core.shell:Creating prefix script '/userdata/ex_ws/install/local_setup.zsh'
[38.002s] INFO:colcon.colcon_core.shell:Creating prefix chain script '/userdata/ex_ws/install/setup.zsh'
