running egg_info
writing ../../build/ccc_pkg_python/ccc_pkg_python.egg-info/PKG-INFO
writing dependency_links to ../../build/ccc_pkg_python/ccc_pkg_python.egg-info/dependency_links.txt
writing entry points to ../../build/ccc_pkg_python/ccc_pkg_python.egg-info/entry_points.txt
writing requirements to ../../build/ccc_pkg_python/ccc_pkg_python.egg-info/requires.txt
writing top-level names to ../../build/ccc_pkg_python/ccc_pkg_python.egg-info/top_level.txt
reading manifest file '../../build/ccc_pkg_python/ccc_pkg_python.egg-info/SOURCES.txt'
writing manifest file '../../build/ccc_pkg_python/ccc_pkg_python.egg-info/SOURCES.txt'
running build
running build_py
copying ccc_pkg_python/topic_helloworld_sub.py -> /userdata/ccc_ws/build/ccc_pkg_python/build/lib/ccc_pkg_python
running install
running install_lib
copying /userdata/ccc_ws/build/ccc_pkg_python/build/lib/ccc_pkg_python/topic_helloworld_sub.py -> /userdata/ccc_ws/install/ccc_pkg_python/lib/python3.10/site-packages/ccc_pkg_python
byte-compiling /userdata/ccc_ws/install/ccc_pkg_python/lib/python3.10/site-packages/ccc_pkg_python/topic_helloworld_sub.py to topic_helloworld_sub.cpython-310.pyc
running install_data
running install_egg_info
removing '/userdata/ccc_ws/install/ccc_pkg_python/lib/python3.10/site-packages/ccc_pkg_python-0.0.0-py3.10.egg-info' (and everything under it)
Copying ../../build/ccc_pkg_python/ccc_pkg_python.egg-info to /userdata/ccc_ws/install/ccc_pkg_python/lib/python3.10/site-packages/ccc_pkg_python-0.0.0-py3.10.egg-info
running install_scripts
Installing pub script to /userdata/ccc_ws/install/ccc_pkg_python/lib/ccc_pkg_python
Installing sub script to /userdata/ccc_ws/install/ccc_pkg_python/lib/ccc_pkg_python
writing list of installed files to '/userdata/ccc_ws/build/ccc_pkg_python/install.log'
