[0.639s] DEBUG:colcon:Command line arguments: ['/usr/bin/colcon', 'build', '--packages-select', 'cpp_pubsub']
[0.640s] DEBUG:colcon:Parsed command line arguments: Namespace(log_base=None, log_level=None, verb_name='build', build_base='build', install_base='install', merge_install=False, symlink_install=False, test_result_base=None, continue_on_error=False, executor='parallel', parallel_workers=8, event_handlers=None, ignore_user_meta=False, metas=['./colcon.meta'], base_paths=['.'], packages_ignore=None, packages_ignore_regex=None, paths=None, packages_up_to=None, packages_up_to_regex=None, packages_above=None, packages_above_and_dependencies=None, packages_above_depth=None, packages_select_by_dep=None, packages_skip_by_dep=None, packages_skip_up_to=None, packages_select_build_failed=False, packages_skip_build_finished=False, packages_select_test_failures=False, packages_skip_test_passed=False, packages_select=['cpp_pubsub'], packages_skip=None, packages_select_regex=None, packages_skip_regex=None, packages_start=None, packages_end=None, allow_overriding=[], cmake_args=None, cmake_target=None, cmake_target_skip_unavailable=False, cmake_clean_cache=False, cmake_clean_first=False, cmake_force_configure=False, ament_cmake_args=None, catkin_cmake_args=None, catkin_skip_building_tests=False, verb_parser=<colcon_defaults.argument_parser.defaults.DefaultArgumentsDecorator object at 0xffffb2697ee0>, verb_extension=<colcon_core.verb.build.BuildVerb object at 0xffffb2697a60>, main=<bound method BuildVerb.main of <colcon_core.verb.build.BuildVerb object at 0xffffb2697a60>>)
[1.693s] Level 1:colcon.colcon_core.package_discovery:discover_packages(colcon_meta) check parameters
[1.693s] Level 1:colcon.colcon_core.package_discovery:discover_packages(recursive) check parameters
[1.693s] Level 1:colcon.colcon_core.package_discovery:discover_packages(ignore) check parameters
[1.694s] Level 1:colcon.colcon_core.package_discovery:discover_packages(path) check parameters
[1.694s] Level 1:colcon.colcon_core.package_discovery:discover_packages(colcon_meta) discover
[1.694s] Level 1:colcon.colcon_core.package_discovery:discover_packages(recursive) discover
[1.694s] INFO:colcon.colcon_core.package_discovery:Crawling recursively for packages in '/userdata/ex_ws'
[1.695s] Level 1:colcon.colcon_core.package_identification:_identify(.) by extensions ['ignore', 'ignore_ament_install']
[1.695s] Level 1:colcon.colcon_core.package_identification:_identify(.) by extension 'ignore'
[1.696s] Level 1:colcon.colcon_core.package_identification:_identify(.) by extension 'ignore_ament_install'
[1.696s] Level 1:colcon.colcon_core.package_identification:_identify(.) by extensions ['colcon_pkg']
[1.696s] Level 1:colcon.colcon_core.package_identification:_identify(.) by extension 'colcon_pkg'
[1.697s] Level 1:colcon.colcon_core.package_identification:_identify(.) by extensions ['colcon_meta']
[1.697s] Level 1:colcon.colcon_core.package_identification:_identify(.) by extension 'colcon_meta'
[1.697s] Level 1:colcon.colcon_core.package_identification:_identify(.) by extensions ['ros']
[1.697s] Level 1:colcon.colcon_core.package_identification:_identify(.) by extension 'ros'
[1.771s] Level 1:colcon.colcon_core.package_identification:_identify(.) by extensions ['cmake', 'python']
[1.771s] Level 1:colcon.colcon_core.package_identification:_identify(.) by extension 'cmake'
[1.772s] Level 1:colcon.colcon_core.package_identification:_identify(.) by extension 'python'
[1.772s] Level 1:colcon.colcon_core.package_identification:_identify(.) by extensions ['python_setup_py']
[1.772s] Level 1:colcon.colcon_core.package_identification:_identify(.) by extension 'python_setup_py'
[1.773s] Level 1:colcon.colcon_core.package_identification:_identify(build) by extensions ['ignore', 'ignore_ament_install']
[1.773s] Level 1:colcon.colcon_core.package_identification:_identify(build) by extension 'ignore'
[1.773s] Level 1:colcon.colcon_core.package_identification:_identify(build) ignored
[1.774s] Level 1:colcon.colcon_core.package_identification:_identify(install) by extensions ['ignore', 'ignore_ament_install']
[1.775s] Level 1:colcon.colcon_core.package_identification:_identify(install) by extension 'ignore'
[1.775s] Level 1:colcon.colcon_core.package_identification:_identify(install) ignored
[1.775s] Level 1:colcon.colcon_core.package_identification:_identify(log) by extensions ['ignore', 'ignore_ament_install']
[1.776s] Level 1:colcon.colcon_core.package_identification:_identify(log) by extension 'ignore'
[1.776s] Level 1:colcon.colcon_core.package_identification:_identify(log) ignored
[1.776s] Level 1:colcon.colcon_core.package_identification:_identify(src) by extensions ['ignore', 'ignore_ament_install']
[1.777s] Level 1:colcon.colcon_core.package_identification:_identify(src) by extension 'ignore'
[1.777s] Level 1:colcon.colcon_core.package_identification:_identify(src) by extension 'ignore_ament_install'
[1.777s] Level 1:colcon.colcon_core.package_identification:_identify(src) by extensions ['colcon_pkg']
[1.778s] Level 1:colcon.colcon_core.package_identification:_identify(src) by extension 'colcon_pkg'
[1.778s] Level 1:colcon.colcon_core.package_identification:_identify(src) by extensions ['colcon_meta']
[1.778s] Level 1:colcon.colcon_core.package_identification:_identify(src) by extension 'colcon_meta'
[1.778s] Level 1:colcon.colcon_core.package_identification:_identify(src) by extensions ['ros']
[1.779s] Level 1:colcon.colcon_core.package_identification:_identify(src) by extension 'ros'
[1.779s] Level 1:colcon.colcon_core.package_identification:_identify(src) by extensions ['cmake', 'python']
[1.779s] Level 1:colcon.colcon_core.package_identification:_identify(src) by extension 'cmake'
[1.779s] Level 1:colcon.colcon_core.package_identification:_identify(src) by extension 'python'
[1.780s] Level 1:colcon.colcon_core.package_identification:_identify(src) by extensions ['python_setup_py']
[1.780s] Level 1:colcon.colcon_core.package_identification:_identify(src) by extension 'python_setup_py'
[1.780s] Level 1:colcon.colcon_core.package_identification:_identify(src/cpp_pubsub) by extensions ['ignore', 'ignore_ament_install']
[1.781s] Level 1:colcon.colcon_core.package_identification:_identify(src/cpp_pubsub) by extension 'ignore'
[1.781s] Level 1:colcon.colcon_core.package_identification:_identify(src/cpp_pubsub) by extension 'ignore_ament_install'
[1.782s] Level 1:colcon.colcon_core.package_identification:_identify(src/cpp_pubsub) by extensions ['colcon_pkg']
[1.782s] Level 1:colcon.colcon_core.package_identification:_identify(src/cpp_pubsub) by extension 'colcon_pkg'
[1.782s] Level 1:colcon.colcon_core.package_identification:_identify(src/cpp_pubsub) by extensions ['colcon_meta']
[1.782s] Level 1:colcon.colcon_core.package_identification:_identify(src/cpp_pubsub) by extension 'colcon_meta'
[1.782s] Level 1:colcon.colcon_core.package_identification:_identify(src/cpp_pubsub) by extensions ['ros']
[1.783s] Level 1:colcon.colcon_core.package_identification:_identify(src/cpp_pubsub) by extension 'ros'
[1.797s] DEBUG:colcon.colcon_core.package_identification:Package 'src/cpp_pubsub' with type 'ros.ament_cmake' and name 'cpp_pubsub'
[1.797s] Level 1:colcon.colcon_core.package_discovery:discover_packages(recursive) using defaults
[1.797s] Level 1:colcon.colcon_core.package_discovery:discover_packages(ignore) discover
[1.798s] Level 1:colcon.colcon_core.package_discovery:discover_packages(ignore) using defaults
[1.798s] Level 1:colcon.colcon_core.package_discovery:discover_packages(path) discover
[1.798s] Level 1:colcon.colcon_core.package_discovery:discover_packages(path) using defaults
[1.912s] Level 1:colcon.colcon_core.package_discovery:discover_packages(prefix_path) check parameters
[1.913s] Level 1:colcon.colcon_core.package_discovery:discover_packages(prefix_path) discover
[1.927s] DEBUG:colcon.colcon_installed_package_information.package_discovery:Found 15 installed packages in /userdata/dev_ws/install
[1.931s] DEBUG:colcon.colcon_installed_package_information.package_discovery:Found 54 installed packages in /opt/tros/humble
[1.941s] DEBUG:colcon.colcon_installed_package_information.package_discovery:Found 257 installed packages in /opt/ros/humble
[1.959s] Level 1:colcon.colcon_core.package_discovery:discover_packages(prefix_path) using defaults
[2.304s] Level 5:colcon.colcon_core.verb:set package 'cpp_pubsub' build argument 'cmake_args' from command line to 'None'
[2.304s] Level 5:colcon.colcon_core.verb:set package 'cpp_pubsub' build argument 'cmake_target' from command line to 'None'
[2.305s] Level 5:colcon.colcon_core.verb:set package 'cpp_pubsub' build argument 'cmake_target_skip_unavailable' from command line to 'False'
[2.305s] Level 5:colcon.colcon_core.verb:set package 'cpp_pubsub' build argument 'cmake_clean_cache' from command line to 'False'
[2.305s] Level 5:colcon.colcon_core.verb:set package 'cpp_pubsub' build argument 'cmake_clean_first' from command line to 'False'
[2.305s] Level 5:colcon.colcon_core.verb:set package 'cpp_pubsub' build argument 'cmake_force_configure' from command line to 'False'
[2.305s] Level 5:colcon.colcon_core.verb:set package 'cpp_pubsub' build argument 'ament_cmake_args' from command line to 'None'
[2.306s] Level 5:colcon.colcon_core.verb:set package 'cpp_pubsub' build argument 'catkin_cmake_args' from command line to 'None'
[2.306s] Level 5:colcon.colcon_core.verb:set package 'cpp_pubsub' build argument 'catkin_skip_building_tests' from command line to 'False'
[2.306s] DEBUG:colcon.colcon_core.verb:Building package 'cpp_pubsub' with the following arguments: {'ament_cmake_args': None, 'build_base': '/userdata/ex_ws/build/cpp_pubsub', 'catkin_cmake_args': None, 'catkin_skip_building_tests': False, 'cmake_args': None, 'cmake_clean_cache': False, 'cmake_clean_first': False, 'cmake_force_configure': False, 'cmake_target': None, 'cmake_target_skip_unavailable': False, 'install_base': '/userdata/ex_ws/install/cpp_pubsub', 'merge_install': False, 'path': '/userdata/ex_ws/src/cpp_pubsub', 'symlink_install': False, 'test_result_base': None}
[2.307s] INFO:colcon.colcon_core.executor:Executing jobs using 'parallel' executor
[2.312s] DEBUG:colcon.colcon_parallel_executor.executor.parallel:run_until_complete
[2.313s] INFO:colcon.colcon_ros.task.ament_cmake.build:Building ROS package in '/userdata/ex_ws/src/cpp_pubsub' with build type 'ament_cmake'
[2.314s] INFO:colcon.colcon_cmake.task.cmake.build:Building CMake package in '/userdata/ex_ws/src/cpp_pubsub'
[2.325s] INFO:colcon.colcon_core.plugin_system:Skipping extension 'colcon_core.shell.bat': Not used on non-Windows systems
[2.326s] INFO:colcon.colcon_core.shell:Skip shell extension 'powershell' for command environment: Not usable outside of PowerShell
[2.326s] DEBUG:colcon.colcon_core.shell:Skip shell extension 'dsv' for command environment
[2.367s] DEBUG:colcon.colcon_core.event_handler.log_command:Invoking command in '/userdata/ex_ws/build/cpp_pubsub': CMAKE_PREFIX_PATH=${CMAKE_PREFIX_PATH}:/userdata/dev_ws/install/originbot_linefollower:/userdata/dev_ws/install/originbot_demo:/opt/tros/humble:/opt/ros/humble /usr/bin/cmake /userdata/ex_ws/src/cpp_pubsub -DCMAKE_INSTALL_PREFIX=/userdata/ex_ws/install/cpp_pubsub
[20.230s] DEBUG:colcon.colcon_core.event_handler.log_command:Invoked command in '/userdata/ex_ws/build/cpp_pubsub' returned '0': CMAKE_PREFIX_PATH=${CMAKE_PREFIX_PATH}:/userdata/dev_ws/install/originbot_linefollower:/userdata/dev_ws/install/originbot_demo:/opt/tros/humble:/opt/ros/humble /usr/bin/cmake /userdata/ex_ws/src/cpp_pubsub -DCMAKE_INSTALL_PREFIX=/userdata/ex_ws/install/cpp_pubsub
[20.251s] DEBUG:colcon.colcon_core.event_handler.log_command:Invoking command in '/userdata/ex_ws/build/cpp_pubsub': CMAKE_PREFIX_PATH=${CMAKE_PREFIX_PATH}:/userdata/dev_ws/install/originbot_linefollower:/userdata/dev_ws/install/originbot_demo:/opt/tros/humble:/opt/ros/humble /usr/bin/cmake --build /userdata/ex_ws/build/cpp_pubsub -- -j8 -l8
[75.930s] DEBUG:colcon.colcon_core.event_handler.log_command:Invoked command in '/userdata/ex_ws/build/cpp_pubsub' returned '0': CMAKE_PREFIX_PATH=${CMAKE_PREFIX_PATH}:/userdata/dev_ws/install/originbot_linefollower:/userdata/dev_ws/install/originbot_demo:/opt/tros/humble:/opt/ros/humble /usr/bin/cmake --build /userdata/ex_ws/build/cpp_pubsub -- -j8 -l8
[75.987s] DEBUG:colcon.colcon_core.event_handler.log_command:Invoking command in '/userdata/ex_ws/build/cpp_pubsub': CMAKE_PREFIX_PATH=${CMAKE_PREFIX_PATH}:/userdata/dev_ws/install/originbot_linefollower:/userdata/dev_ws/install/originbot_demo:/opt/tros/humble:/opt/ros/humble /usr/bin/cmake --install /userdata/ex_ws/build/cpp_pubsub
[76.070s] Level 1:colcon.colcon_core.environment:create_environment_scripts_only(cpp_pubsub)
[76.074s] DEBUG:colcon.colcon_core.event_handler.log_command:Invoked command in '/userdata/ex_ws/build/cpp_pubsub' returned '0': CMAKE_PREFIX_PATH=${CMAKE_PREFIX_PATH}:/userdata/dev_ws/install/originbot_linefollower:/userdata/dev_ws/install/originbot_demo:/opt/tros/humble:/opt/ros/humble /usr/bin/cmake --install /userdata/ex_ws/build/cpp_pubsub
[76.131s] Level 1:colcon.colcon_core.environment:checking '/userdata/ex_ws/install/cpp_pubsub' for CMake module files
[76.138s] Level 1:colcon.colcon_core.environment:checking '/userdata/ex_ws/install/cpp_pubsub' for CMake config files
[76.139s] Level 1:colcon.colcon_core.shell:create_environment_hook('cpp_pubsub', 'cmake_prefix_path')
[76.142s] INFO:colcon.colcon_core.shell:Creating environment hook '/userdata/ex_ws/install/cpp_pubsub/share/cpp_pubsub/hook/cmake_prefix_path.ps1'
[76.149s] INFO:colcon.colcon_core.shell:Creating environment descriptor '/userdata/ex_ws/install/cpp_pubsub/share/cpp_pubsub/hook/cmake_prefix_path.dsv'
[76.155s] INFO:colcon.colcon_core.shell:Creating environment hook '/userdata/ex_ws/install/cpp_pubsub/share/cpp_pubsub/hook/cmake_prefix_path.sh'
[76.165s] Level 1:colcon.colcon_core.environment:checking '/userdata/ex_ws/install/cpp_pubsub/lib'
[76.166s] Level 1:colcon.colcon_core.environment:checking '/userdata/ex_ws/install/cpp_pubsub/bin'
[76.167s] Level 1:colcon.colcon_core.environment:checking '/userdata/ex_ws/install/cpp_pubsub/lib/pkgconfig/cpp_pubsub.pc'
[76.170s] Level 1:colcon.colcon_core.environment:checking '/userdata/ex_ws/install/cpp_pubsub/lib/python3.10/site-packages'
[76.173s] Level 1:colcon.colcon_core.environment:checking '/userdata/ex_ws/install/cpp_pubsub/bin'
[76.177s] INFO:colcon.colcon_core.shell:Creating package script '/userdata/ex_ws/install/cpp_pubsub/share/cpp_pubsub/package.ps1'
[76.184s] INFO:colcon.colcon_core.shell:Creating package descriptor '/userdata/ex_ws/install/cpp_pubsub/share/cpp_pubsub/package.dsv'
[76.188s] INFO:colcon.colcon_core.shell:Creating package script '/userdata/ex_ws/install/cpp_pubsub/share/cpp_pubsub/package.sh'
[76.194s] INFO:colcon.colcon_core.shell:Creating package script '/userdata/ex_ws/install/cpp_pubsub/share/cpp_pubsub/package.bash'
[76.199s] INFO:colcon.colcon_core.shell:Creating package script '/userdata/ex_ws/install/cpp_pubsub/share/cpp_pubsub/package.zsh'
[76.204s] Level 1:colcon.colcon_core.environment:create_file_with_runtime_dependencies(/userdata/ex_ws/install/cpp_pubsub/share/colcon-core/packages/cpp_pubsub)
[76.208s] Level 1:colcon.colcon_core.environment:create_environment_scripts_only(cpp_pubsub)
[76.209s] Level 1:colcon.colcon_core.environment:checking '/userdata/ex_ws/install/cpp_pubsub' for CMake module files
[76.213s] Level 1:colcon.colcon_core.environment:checking '/userdata/ex_ws/install/cpp_pubsub' for CMake config files
[76.214s] Level 1:colcon.colcon_core.shell:create_environment_hook('cpp_pubsub', 'cmake_prefix_path')
[76.215s] INFO:colcon.colcon_core.shell:Creating environment hook '/userdata/ex_ws/install/cpp_pubsub/share/cpp_pubsub/hook/cmake_prefix_path.ps1'
[76.218s] INFO:colcon.colcon_core.shell:Creating environment descriptor '/userdata/ex_ws/install/cpp_pubsub/share/cpp_pubsub/hook/cmake_prefix_path.dsv'
[76.220s] INFO:colcon.colcon_core.shell:Creating environment hook '/userdata/ex_ws/install/cpp_pubsub/share/cpp_pubsub/hook/cmake_prefix_path.sh'
[76.223s] Level 1:colcon.colcon_core.environment:checking '/userdata/ex_ws/install/cpp_pubsub/lib'
[76.224s] Level 1:colcon.colcon_core.environment:checking '/userdata/ex_ws/install/cpp_pubsub/bin'
[76.224s] Level 1:colcon.colcon_core.environment:checking '/userdata/ex_ws/install/cpp_pubsub/lib/pkgconfig/cpp_pubsub.pc'
[76.226s] Level 1:colcon.colcon_core.environment:checking '/userdata/ex_ws/install/cpp_pubsub/lib/python3.10/site-packages'
[76.227s] Level 1:colcon.colcon_core.environment:checking '/userdata/ex_ws/install/cpp_pubsub/bin'
[76.229s] INFO:colcon.colcon_core.shell:Creating package script '/userdata/ex_ws/install/cpp_pubsub/share/cpp_pubsub/package.ps1'
[76.232s] INFO:colcon.colcon_core.shell:Creating package descriptor '/userdata/ex_ws/install/cpp_pubsub/share/cpp_pubsub/package.dsv'
[76.235s] INFO:colcon.colcon_core.shell:Creating package script '/userdata/ex_ws/install/cpp_pubsub/share/cpp_pubsub/package.sh'
[76.237s] INFO:colcon.colcon_core.shell:Creating package script '/userdata/ex_ws/install/cpp_pubsub/share/cpp_pubsub/package.bash'
[76.239s] INFO:colcon.colcon_core.shell:Creating package script '/userdata/ex_ws/install/cpp_pubsub/share/cpp_pubsub/package.zsh'
[76.242s] Level 1:colcon.colcon_core.environment:create_file_with_runtime_dependencies(/userdata/ex_ws/install/cpp_pubsub/share/colcon-core/packages/cpp_pubsub)
[76.243s] DEBUG:colcon.colcon_parallel_executor.executor.parallel:closing loop
[76.244s] DEBUG:colcon.colcon_parallel_executor.executor.parallel:loop closed
[76.245s] DEBUG:colcon.colcon_parallel_executor.executor.parallel:run_until_complete finished with '0'
[76.245s] DEBUG:colcon.colcon_core.event_reactor:joining thread
[76.275s] INFO:colcon.colcon_core.plugin_system:Skipping extension 'colcon_notification.desktop_notification.notify_send': Could not find 'notify-send'
[76.276s] INFO:colcon.colcon_core.plugin_system:Skipping extension 'colcon_notification.desktop_notification.terminal_notifier': Not used on non-Darwin systems
[76.276s] INFO:colcon.colcon_core.plugin_system:Skipping extension 'colcon_notification.desktop_notification.win32': Not used on non-Windows systems
[76.277s] INFO:colcon.colcon_notification.desktop_notification:Sending desktop notification using 'notify2'
[101.304s] DEBUG:colcon.colcon_notification.desktop_notification.notify2:Failed to initialize notify2: org.freedesktop.DBus.Error.NoReply: Did not receive a reply. Possible causes include: the remote application did not send a reply, the message bus security policy blocked the reply, the reply timeout expired, or the network connection was broken.
[101.305s] DEBUG:colcon.colcon_core.event_reactor:joined thread
[101.307s] INFO:colcon.colcon_core.shell:Creating prefix script '/userdata/ex_ws/install/local_setup.ps1'
[101.314s] INFO:colcon.colcon_core.shell:Creating prefix util module '/userdata/ex_ws/install/_local_setup_util_ps1.py'
[101.323s] INFO:colcon.colcon_core.shell:Creating prefix chain script '/userdata/ex_ws/install/setup.ps1'
[101.334s] INFO:colcon.colcon_core.shell:Creating prefix script '/userdata/ex_ws/install/local_setup.sh'
[101.337s] INFO:colcon.colcon_core.shell:Creating prefix util module '/userdata/ex_ws/install/_local_setup_util_sh.py'
[101.341s] INFO:colcon.colcon_core.shell:Creating prefix chain script '/userdata/ex_ws/install/setup.sh'
[101.350s] INFO:colcon.colcon_core.shell:Creating prefix script '/userdata/ex_ws/install/local_setup.bash'
[101.353s] INFO:colcon.colcon_core.shell:Creating prefix chain script '/userdata/ex_ws/install/setup.bash'
[101.362s] INFO:colcon.colcon_core.shell:Creating prefix script '/userdata/ex_ws/install/local_setup.zsh'
[101.365s] INFO:colcon.colcon_core.shell:Creating prefix chain script '/userdata/ex_ws/install/setup.zsh'
