[3.897s] Invoking command in '/userdata/bbb_ws/src/bbb_pkg_python': PYTHONPATH=/userdata/bbb_ws/build/bbb_pkg_python/prefix_override:/usr/lib/python3/dist-packages/colcon_core/task/python/colcon_distutils_commands:/userdata/bbb_ws/install/bbb_pkg_python/lib/python3.10/site-packages:${PYTHONPATH} /usr/bin/python3 -W ignore:setup.py install is deprecated -W ignore:easy_install command is deprecated setup.py egg_info --egg-base ../../build/bbb_pkg_python build --build-base /userdata/bbb_ws/build/bbb_pkg_python/build install --record /userdata/bbb_ws/build/bbb_pkg_python/install.log --single-version-externally-managed install_data
[5.368s] running egg_info
[5.371s] creating ../../build/bbb_pkg_python/bbb_pkg_python.egg-info
[5.372s] writing ../../build/bbb_pkg_python/bbb_pkg_python.egg-info/PKG-INFO
[5.373s] writing dependency_links to ../../build/bbb_pkg_python/bbb_pkg_python.egg-info/dependency_links.txt
[5.374s] writing entry points to ../../build/bbb_pkg_python/bbb_pkg_python.egg-info/entry_points.txt
[5.374s] writing requirements to ../../build/bbb_pkg_python/bbb_pkg_python.egg-info/requires.txt
[5.375s] writing top-level names to ../../build/bbb_pkg_python/bbb_pkg_python.egg-info/top_level.txt
[5.376s] writing manifest file '../../build/bbb_pkg_python/bbb_pkg_python.egg-info/SOURCES.txt'
[5.384s] reading manifest file '../../build/bbb_pkg_python/bbb_pkg_python.egg-info/SOURCES.txt'
[5.388s] writing manifest file '../../build/bbb_pkg_python/bbb_pkg_python.egg-info/SOURCES.txt'
[5.389s] running build
[5.389s] running build_py
[5.390s] creating /userdata/bbb_ws/build/bbb_pkg_python/build
[5.390s] creating /userdata/bbb_ws/build/bbb_pkg_python/build/lib
[5.391s] creating /userdata/bbb_ws/build/bbb_pkg_python/build/lib/bbb_pkg_python
[5.391s] copying bbb_pkg_python/__init__.py -> /userdata/bbb_ws/build/bbb_pkg_python/build/lib/bbb_pkg_python
[5.392s] copying bbb_pkg_python/topic_helloworld_pub.py -> /userdata/bbb_ws/build/bbb_pkg_python/build/lib/bbb_pkg_python
[5.392s] copying bbb_pkg_python/topic_helloworld_sub.py -> /userdata/bbb_ws/build/bbb_pkg_python/build/lib/bbb_pkg_python
[5.393s] running install
[5.395s] running install_lib
[5.399s] creating /userdata/bbb_ws/install/bbb_pkg_python/lib/python3.10/site-packages/bbb_pkg_python
[5.399s] copying /userdata/bbb_ws/build/bbb_pkg_python/build/lib/bbb_pkg_python/__init__.py -> /userdata/bbb_ws/install/bbb_pkg_python/lib/python3.10/site-packages/bbb_pkg_python
[5.400s] copying /userdata/bbb_ws/build/bbb_pkg_python/build/lib/bbb_pkg_python/topic_helloworld_pub.py -> /userdata/bbb_ws/install/bbb_pkg_python/lib/python3.10/site-packages/bbb_pkg_python
[5.400s] copying /userdata/bbb_ws/build/bbb_pkg_python/build/lib/bbb_pkg_python/topic_helloworld_sub.py -> /userdata/bbb_ws/install/bbb_pkg_python/lib/python3.10/site-packages/bbb_pkg_python
[5.403s] byte-compiling /userdata/bbb_ws/install/bbb_pkg_python/lib/python3.10/site-packages/bbb_pkg_python/__init__.py to __init__.cpython-310.pyc
[5.404s] byte-compiling /userdata/bbb_ws/install/bbb_pkg_python/lib/python3.10/site-packages/bbb_pkg_python/topic_helloworld_pub.py to topic_helloworld_pub.cpython-310.pyc
[5.406s] byte-compiling /userdata/bbb_ws/install/bbb_pkg_python/lib/python3.10/site-packages/bbb_pkg_python/topic_helloworld_sub.py to topic_helloworld_sub.cpython-310.pyc
[5.408s] running install_data
[5.408s] creating /userdata/bbb_ws/install/bbb_pkg_python/share/ament_index
[5.409s] creating /userdata/bbb_ws/install/bbb_pkg_python/share/ament_index/resource_index
[5.409s] creating /userdata/bbb_ws/install/bbb_pkg_python/share/ament_index/resource_index/packages
[5.410s] copying resource/bbb_pkg_python -> /userdata/bbb_ws/install/bbb_pkg_python/share/ament_index/resource_index/packages
[5.410s] copying package.xml -> /userdata/bbb_ws/install/bbb_pkg_python/share/bbb_pkg_python
[5.411s] running install_egg_info
[5.420s] Copying ../../build/bbb_pkg_python/bbb_pkg_python.egg-info to /userdata/bbb_ws/install/bbb_pkg_python/lib/python3.10/site-packages/bbb_pkg_python-0.0.0-py3.10.egg-info
[5.424s] running install_scripts
[5.542s] Installing pub script to /userdata/bbb_ws/install/bbb_pkg_python/lib/bbb_pkg_python
[5.543s] Installing sub script to /userdata/bbb_ws/install/bbb_pkg_python/lib/bbb_pkg_python
[5.544s] writing list of installed files to '/userdata/bbb_ws/build/bbb_pkg_python/install.log'
[5.746s] Invoked command in '/userdata/bbb_ws/src/bbb_pkg_python' returned '0': PYTHONPATH=/userdata/bbb_ws/build/bbb_pkg_python/prefix_override:/usr/lib/python3/dist-packages/colcon_core/task/python/colcon_distutils_commands:/userdata/bbb_ws/install/bbb_pkg_python/lib/python3.10/site-packages:${PYTHONPATH} /usr/bin/python3 -W ignore:setup.py install is deprecated -W ignore:easy_install command is deprecated setup.py egg_info --egg-base ../../build/bbb_pkg_python build --build-base /userdata/bbb_ws/build/bbb_pkg_python/build install --record /userdata/bbb_ws/build/bbb_pkg_python/install.log --single-version-externally-managed install_data
